<?xml version="1.0" encoding="UTF-8"?>
<!-- Generated by org.testng.reporters.JUnitXMLReporter -->
<testsuite ignored="1" hostname="MAMUN" failures="0" tests="8" name="Default test" time="0.042" errors="0" timestamp="2023-11-09T18:50:20 EST">
  <testcase classname="com.testng.practice.PracticeTestngMethod" name="getlogin" time="0.004"/>
  <testcase classname="com.testng.practice.PracticeTestngMethod" name="getlogin" time="0.001"/>
  <testcase classname="com.testng.practice.PracticeTestngMethod" name="getlogin" time="0.0"/>
  <testcase classname="com.testng.practice.PracticeTestngMethod" name="getlogin" time="0.0"/>
  <testcase classname="com.testng.practice.PracticeTestngMethod" name="getlogin" time="0.001"/>
  <testcase classname="com.testng.practice.PracticeTestngMethod" name="getdress" time="0.001"/>
  <testcase classname="com.testng.practice.PracticeTestngMethod" name="getcart" time="0.001"/>
  <testcase classname="com.testng.practice.PracticeTestngMethod" name="getplceorder" time="0.0"/>
  <testcase classname="com.testng.practice.PracticeTestngMethod" name="getpayment" time="0.0">
    <ignored/>
  </testcase> <!-- getpayment -->
</testsuite> <!-- Default test -->
