<?xml version="1.0" encoding="UTF-8"?>
<!-- Generated by org.testng.reporters.JUnitXMLReporter -->
<testsuite ignored="4" hostname="MAMUN" failures="0" tests="1" name="Test(failed)" time="0.031" errors="0" timestamp="2023-10-31T10:56:42 EDT">
  <testcase classname="com.testng.practice.PracticeTestngMethod" name="getlogin" time="0.005"/>
  <testcase classname="com.testng.practice.PracticeTestngMethod" name="getdress" time="0.0">
    <ignored/>
  </testcase> <!-- getdress -->
  <testcase classname="com.testng.practice.PracticeTestngMethod" name="getplceorder" time="0.0">
    <ignored/>
  </testcase> <!-- getplceorder -->
  <testcase classname="com.testng.practice.PracticeTestngMethod" name="getpayment" time="0.0">
    <ignored/>
  </testcase> <!-- getpayment -->
  <testcase classname="com.testng.practice.PracticeTestngMethod" name="getcart" time="0.0">
    <ignored/>
  </testcase> <!-- getcart -->
</testsuite> <!-- Test(failed) -->
