<?xml version="1.0" encoding="UTF-8"?>
<testng-results ignored="0" total="1" passed="1" failed="0" skipped="0">
  <reporter-output>
  </reporter-output>
  <suite started-at="2023-10-31T12:32:06 EDT" name="Suite" finished-at="2023-10-31T12:32:06 EDT" duration-ms="44">
    <groups>
    </groups>
    <test started-at="2023-10-31T12:32:06 EDT" name="Test" finished-at="2023-10-31T12:32:06 EDT" duration-ms="44">
      <class name="com.testng.practice.ParameterTestng">
        <test-method signature="practiceparameter(java.lang.String,int)[pri:0, instance:com.testng.practice.ParameterTestng@fa36558]" started-at="2023-10-31T12:32:06 EDT" name="practiceparameter" finished-at="2023-10-31T12:32:06 EDT" duration-ms="7" status="PASS">
          <params>
            <param index="0">
              <value>
                <![CDATA[Smarttech]]>
              </value>
            </param>
            <param index="1">
              <value>
                <![CDATA[25]]>
              </value>
            </param>
          </params>
          <reporter-output>
          </reporter-output>
        </test-method> <!-- practiceparameter -->
      </class> <!-- com.testng.practice.ParameterTestng -->
    </test> <!-- Test -->
  </suite> <!-- Suite -->
</testng-results>
